<?xml version="1.0" encoding="UTF-8"?>
<!-- Generated by org.testng.reporters.JUnitXMLReporter -->
<testsuite ignored="0" hostname="DESKTOP-HSAPT3H" failures="1" tests="1" name="Contact Us Test" time="11.282" errors="0" timestamp="2026-04-13T16:47:48 IST">
  <testcase classname="com.srm.tests.ContactUs" name="contactFormTest" time="6.856">
    <failure type="java.io.IOException" message="Cannot run program &amp;quot;F:\HCLTech_Training\upload.exe&amp;quot;: CreateProcess error=2, The system cannot find the file specified">
      <![CDATA[java.io.IOException: Cannot run program "F:\HCLTech_Training\upload.exe": CreateProcess error=2, The system cannot find the file specified
at java.base/java.lang.ProcessBuilder.start(ProcessBuilder.java:1143)
at java.base/java.lang.ProcessBuilder.start(ProcessBuilder.java:1073)
at com.srm.pages.ContactUsPage.uploadFile(ContactUsPage.java:54)
at com.srm.tests.ContactUs.contactFormTest(ContactUs.java:22)
at java.base/java.util.ArrayList.forEach(ArrayList.java:1511)
Caused by: java.io.IOException: CreateProcess error=2, The system cannot find the file specified
at java.base/java.lang.ProcessImpl.create(Native Method)
at java.base/java.lang.ProcessImpl.<init>(ProcessImpl.java:499)
at java.base/java.lang.ProcessImpl.start(ProcessImpl.java:158)
at java.base/java.lang.ProcessBuilder.start(ProcessBuilder.java:1110)
... 31 more
... Removed 27 stack frames]]>
    </failure>
  </testcase> <!-- contactFormTest -->
</testsuite> <!-- Contact Us Test -->
