<?xml version="1.0" encoding="UTF-8"?>
<!-- Generated by org.testng.reporters.JUnitXMLReporter -->
<testsuite ignored="0" hostname="DESKTOP-HSAPT3H" failures="0" tests="3" name="Login Test" time="74.524" errors="0" timestamp="2026-04-14T23:27:43 IST">
  <testcase classname="com.srm.tests.LoginTest" name="loginTest" time="23.42"/>
  <testcase classname="com.srm.tests.LoginTest" name="loginTest" time="11.447"/>
  <testcase classname="com.srm.tests.LoginTest" name="loginTest" time="9.333"/>
</testsuite> <!-- Login Test -->
