<?xml version="1.0" encoding="UTF-8"?>
<!-- Generated by org.testng.reporters.JUnitXMLReporter -->
<testsuite ignored="0" hostname="DESKTOP-HSAPT3H" failures="0" tests="3" name="Signup Test" time="137.234" errors="0" timestamp="2026-04-14T23:26:28 IST">
  <testcase classname="com.srm.tests.SignupTest" name="signupTest" time="19.767"/>
  <testcase classname="com.srm.tests.SignupTest" name="signupTest" time="16.734"/>
  <testcase classname="com.srm.tests.SignupTest" name="signupTest" time="41.252"/>
</testsuite> <!-- Signup Test -->
