<?xml version="1.0" encoding="UTF-8"?>
<!-- Generated by org.testng.reporters.JUnitReportReporter -->
<testsuite hostname="DESKTOP-HSAPT3H" failures="0" tests="2" name="com.srm.tests.ValidationTest" time="19.683" errors="0" timestamp="2026-04-14T23:29:46 IST" skipped="0">
  <testcase classname="com.srm.tests.ValidationTest" name="emptyLoginTest" time="8.986"/>
  <testcase classname="com.srm.tests.ValidationTest" name="invalidLoginTest" time="10.697"/>
</testsuite> <!-- com.srm.tests.ValidationTest -->
