<?xml version="1.0" encoding="UTF-8"?>
<!-- Generated by org.testng.reporters.JUnitReportReporter -->
<testsuite hostname="DESKTOP-HSAPT3H" failures="0" tests="3" name="com.srm.tests.SignupTest" time="131.788" errors="0" timestamp="2026-04-14T23:29:46 IST" skipped="0">
  <testcase classname="com.srm.tests.SignupTest" name="signupTest" time="39.577"/>
  <testcase classname="com.srm.tests.SignupTest" name="signupTest" time="48.902"/>
  <testcase classname="com.srm.tests.SignupTest" name="signupTest" time="43.309"/>
</testsuite> <!-- com.srm.tests.SignupTest -->
