<?xml version="1.0" encoding="UTF-8"?>
<!-- Generated by org.testng.reporters.JUnitReportReporter -->
<testsuite hostname="DESKTOP-HSAPT3H" failures="0" tests="3" name="com.srm.tests.LoginTest" time="73.901" errors="0" timestamp="2026-04-14T23:29:46 IST" skipped="0">
  <testcase classname="com.srm.tests.LoginTest" name="loginTest" time="18.407"/>
  <testcase classname="com.srm.tests.LoginTest" name="loginTest" time="19.707"/>
  <testcase classname="com.srm.tests.LoginTest" name="loginTest" time="35.787"/>
</testsuite> <!-- com.srm.tests.LoginTest -->
